[+] Containers:
 |- [+] Container: /Temp/Untitled_1
 |   |- [+] ActorDescs:
 |   |   |- Guid:1CFBF3F7448AD848BD067BB35F53D925 BaseClass: NativeClass:/Script/Landscape.Landscape Name:Landscape_UAID_00E04CE45A03ECF501_1490743416 Label:Landscape SpatiallyLoaded:0 Bounds:IsValid=true, Min=(X=-18900.000 Y=-18900.000 Z=100.000), Max=(X=-18900.000 Y=-18900.000 Z=100.000) RuntimeGrid:None EditorOnly:0 RuntimeOnly:0 HLODRelevant:0 ListedInSceneOutliner:1 IsMainWorldOnly:0
 |   |   |- Guid:1FCD76CA47851C228DCC95AEACAAAE31 BaseClass: NativeClass:/Script/Landscape.LandscapeStreamingProxy Name:LandscapeStreamingProxy_52T75ORE9CIL3KJ3C48VW1ROI_126_1_1_0 Label:LandscapeStreamingProxy_1_1_0 SpatiallyLoaded:1 Bounds:IsValid=true, Min=(X=-6300.000 Y=-6300.000 Z=100.000), Max=(X=6300.000 Y=6300.000 Z=100.000) RuntimeGrid:None EditorOnly:0 RuntimeOnly:0 HLODRelevant:1 ListedInSceneOutliner:1 IsMainWorldOnly:0
 |   |   |- Guid:27A4C44C4E315A9A191E8FB05B676E5C BaseClass: NativeClass:/Script/Landscape.LandscapeStreamingProxy Name:LandscapeStreamingProxy_52T75ORE9CIL3KJ3C48VW1ROI_126_0_1_0 Label:LandscapeStreamingProxy_0_1_0 SpatiallyLoaded:1 Bounds:IsValid=true, Min=(X=-18900.000 Y=-6300.000 Z=100.000), Max=(X=-6300.000 Y=6300.000 Z=100.000) RuntimeGrid:None EditorOnly:0 RuntimeOnly:0 HLODRelevant:1 ListedInSceneOutliner:1 IsMainWorldOnly:0
 |   |   |- Guid:3B9E0DA844315D552D70D6BCC5615C38 BaseClass: NativeClass:/Script/Engine.WorldDataLayers Name:WorldDataLayers Label:WorldDataLayers SpatiallyLoaded:0 Bounds:Invalid RuntimeGrid:None EditorOnly:0 RuntimeOnly:0 HLODRelevant:0 ListedInSceneOutliner:1 IsMainWorldOnly:1
 |   |   |- Guid:70E24692474C6627549E48B22CB3AD53 BaseClass: NativeClass:/Script/Landscape.LandscapeStreamingProxy Name:LandscapeStreamingProxy_52T75ORE9CIL3KJ3C48VW1ROI_126_1_0_0 Label:LandscapeStreamingProxy_1_0_0 SpatiallyLoaded:1 Bounds:IsValid=true, Min=(X=-6300.000 Y=-18900.000 Z=100.000), Max=(X=6300.000 Y=-6300.000 Z=100.000) RuntimeGrid:None EditorOnly:0 RuntimeOnly:0 HLODRelevant:1 ListedInSceneOutliner:1 IsMainWorldOnly:0
 |   |   |- Guid:8EF881F6420BA4EB237B52B7F902C9B2 BaseClass: NativeClass:/Script/Landscape.LandscapeStreamingProxy Name:LandscapeStreamingProxy_52T75ORE9CIL3KJ3C48VW1ROI_126_2_1_0 Label:LandscapeStreamingProxy_2_1_0 SpatiallyLoaded:1 Bounds:IsValid=true, Min=(X=6300.000 Y=-6300.000 Z=100.000), Max=(X=18900.000 Y=6300.000 Z=100.000) RuntimeGrid:None EditorOnly:0 RuntimeOnly:0 HLODRelevant:1 ListedInSceneOutliner:1 IsMainWorldOnly:0
 |   |   |- Guid:96119A044BF132BA936E6998B0F3A995 BaseClass: NativeClass:/Script/Landscape.LandscapeStreamingProxy Name:LandscapeStreamingProxy_52T75ORE9CIL3KJ3C48VW1ROI_126_0_0_0 Label:LandscapeStreamingProxy_0_0_0 SpatiallyLoaded:1 Bounds:IsValid=true, Min=(X=-18900.000 Y=-18900.000 Z=100.000), Max=(X=-6300.000 Y=-6300.000 Z=100.000) RuntimeGrid:None EditorOnly:0 RuntimeOnly:0 HLODRelevant:1 ListedInSceneOutliner:1 IsMainWorldOnly:0
 |   |   |- Guid:96831D704A5F6EC00A46E6A086C5D424 BaseClass: NativeClass:/Script/Landscape.LandscapeStreamingProxy Name:LandscapeStreamingProxy_52T75ORE9CIL3KJ3C48VW1ROI_126_2_2_0 Label:LandscapeStreamingProxy_2_2_0 SpatiallyLoaded:1 Bounds:IsValid=true, Min=(X=6300.000 Y=6300.000 Z=100.000), Max=(X=18900.000 Y=18900.000 Z=100.000) RuntimeGrid:None EditorOnly:0 RuntimeOnly:0 HLODRelevant:1 ListedInSceneOutliner:1 IsMainWorldOnly:0
 |   |   |- Guid:9FF57D5A468427AD3C8FD5A99DCE7BD8 BaseClass: NativeClass:/Script/Landscape.LandscapeStreamingProxy Name:LandscapeStreamingProxy_52T75ORE9CIL3KJ3C48VW1ROI_126_1_2_0 Label:LandscapeStreamingProxy_1_2_0 SpatiallyLoaded:1 Bounds:IsValid=true, Min=(X=-6300.000 Y=6300.000 Z=100.000), Max=(X=6300.000 Y=18900.000 Z=100.000) RuntimeGrid:None EditorOnly:0 RuntimeOnly:0 HLODRelevant:1 ListedInSceneOutliner:1 IsMainWorldOnly:0
 |   |   |- Guid:E8D4880848C5110207C4FCA7874EF5B9 BaseClass: NativeClass:/Script/Engine.DirectionalLight Name:DirectionalLight_UAID_00E04CE45A03ECF501_1543932417 Label:DirectionalLight SpatiallyLoaded:0 Bounds:Invalid RuntimeGrid:None EditorOnly:0 RuntimeOnly:0 HLODRelevant:0 ListedInSceneOutliner:1 IsMainWorldOnly:0
 |   |   |- Guid:F6F07A904E0F5C99C88C67A4C5F5292A BaseClass: NativeClass:/Script/Landscape.LandscapeStreamingProxy Name:LandscapeStreamingProxy_52T75ORE9CIL3KJ3C48VW1ROI_126_2_0_0 Label:LandscapeStreamingProxy_2_0_0 SpatiallyLoaded:1 Bounds:IsValid=true, Min=(X=6300.000 Y=-18900.000 Z=100.000), Max=(X=18900.000 Y=-6300.000 Z=100.000) RuntimeGrid:None EditorOnly:0 RuntimeOnly:0 HLODRelevant:1 ListedInSceneOutliner:1 IsMainWorldOnly:0
 |   |   |- Guid:FE7F2B854685B33298172FB474AED556 BaseClass: NativeClass:/Script/Landscape.LandscapeStreamingProxy Name:LandscapeStreamingProxy_52T75ORE9CIL3KJ3C48VW1ROI_126_0_2_0 Label:LandscapeStreamingProxy_0_2_0 SpatiallyLoaded:1 Bounds:IsValid=true, Min=(X=-18900.000 Y=6300.000 Z=100.000), Max=(X=-6300.000 Y=18900.000 Z=100.000) RuntimeGrid:None EditorOnly:0 RuntimeOnly:0 HLODRelevant:1 ListedInSceneOutliner:1 IsMainWorldOnly:0
 |   |- [+] Clusters:
 |   |   |- [+] [  0]
 |   |   |   |- Guid:1CFBF3F7448AD848BD067BB35F53D925 BaseClass: NativeClass:/Script/Landscape.Landscape Name:Landscape_UAID_00E04CE45A03ECF501_1490743416 Label:Landscape SpatiallyLoaded:0 Bounds:IsValid=true, Min=(X=-18900.000 Y=-18900.000 Z=100.000), Max=(X=-18900.000 Y=-18900.000 Z=100.000) RuntimeGrid:None EditorOnly:0 RuntimeOnly:0 HLODRelevant:0 ListedInSceneOutliner:1 IsMainWorldOnly:0
 |   |   |- [+] [  1]
 |   |   |   |- Guid:1FCD76CA47851C228DCC95AEACAAAE31 BaseClass: NativeClass:/Script/Landscape.LandscapeStreamingProxy Name:LandscapeStreamingProxy_52T75ORE9CIL3KJ3C48VW1ROI_126_1_1_0 Label:LandscapeStreamingProxy_1_1_0 SpatiallyLoaded:1 Bounds:IsValid=true, Min=(X=-6300.000 Y=-6300.000 Z=100.000), Max=(X=6300.000 Y=6300.000 Z=100.000) RuntimeGrid:None EditorOnly:0 RuntimeOnly:0 HLODRelevant:1 ListedInSceneOutliner:1 IsMainWorldOnly:0
 |   |   |- [+] [  2]
 |   |   |   |- Guid:27A4C44C4E315A9A191E8FB05B676E5C BaseClass: NativeClass:/Script/Landscape.LandscapeStreamingProxy Name:LandscapeStreamingProxy_52T75ORE9CIL3KJ3C48VW1ROI_126_0_1_0 Label:LandscapeStreamingProxy_0_1_0 SpatiallyLoaded:1 Bounds:IsValid=true, Min=(X=-18900.000 Y=-6300.000 Z=100.000), Max=(X=-6300.000 Y=6300.000 Z=100.000) RuntimeGrid:None EditorOnly:0 RuntimeOnly:0 HLODRelevant:1 ListedInSceneOutliner:1 IsMainWorldOnly:0
 |   |   |- [+] [  3]
 |   |   |   |- Guid:3B9E0DA844315D552D70D6BCC5615C38 BaseClass: NativeClass:/Script/Engine.WorldDataLayers Name:WorldDataLayers Label:WorldDataLayers SpatiallyLoaded:0 Bounds:Invalid RuntimeGrid:None EditorOnly:0 RuntimeOnly:0 HLODRelevant:0 ListedInSceneOutliner:1 IsMainWorldOnly:1
 |   |   |- [+] [  4]
 |   |   |   |- Guid:70E24692474C6627549E48B22CB3AD53 BaseClass: NativeClass:/Script/Landscape.LandscapeStreamingProxy Name:LandscapeStreamingProxy_52T75ORE9CIL3KJ3C48VW1ROI_126_1_0_0 Label:LandscapeStreamingProxy_1_0_0 SpatiallyLoaded:1 Bounds:IsValid=true, Min=(X=-6300.000 Y=-18900.000 Z=100.000), Max=(X=6300.000 Y=-6300.000 Z=100.000) RuntimeGrid:None EditorOnly:0 RuntimeOnly:0 HLODRelevant:1 ListedInSceneOutliner:1 IsMainWorldOnly:0
 |   |   |- [+] [  5]
 |   |   |   |- Guid:8EF881F6420BA4EB237B52B7F902C9B2 BaseClass: NativeClass:/Script/Landscape.LandscapeStreamingProxy Name:LandscapeStreamingProxy_52T75ORE9CIL3KJ3C48VW1ROI_126_2_1_0 Label:LandscapeStreamingProxy_2_1_0 SpatiallyLoaded:1 Bounds:IsValid=true, Min=(X=6300.000 Y=-6300.000 Z=100.000), Max=(X=18900.000 Y=6300.000 Z=100.000) RuntimeGrid:None EditorOnly:0 RuntimeOnly:0 HLODRelevant:1 ListedInSceneOutliner:1 IsMainWorldOnly:0
 |   |   |- [+] [  6]
 |   |   |   |- Guid:96119A044BF132BA936E6998B0F3A995 BaseClass: NativeClass:/Script/Landscape.LandscapeStreamingProxy Name:LandscapeStreamingProxy_52T75ORE9CIL3KJ3C48VW1ROI_126_0_0_0 Label:LandscapeStreamingProxy_0_0_0 SpatiallyLoaded:1 Bounds:IsValid=true, Min=(X=-18900.000 Y=-18900.000 Z=100.000), Max=(X=-6300.000 Y=-6300.000 Z=100.000) RuntimeGrid:None EditorOnly:0 RuntimeOnly:0 HLODRelevant:1 ListedInSceneOutliner:1 IsMainWorldOnly:0
 |   |   |- [+] [  7]
 |   |   |   |- Guid:96831D704A5F6EC00A46E6A086C5D424 BaseClass: NativeClass:/Script/Landscape.LandscapeStreamingProxy Name:LandscapeStreamingProxy_52T75ORE9CIL3KJ3C48VW1ROI_126_2_2_0 Label:LandscapeStreamingProxy_2_2_0 SpatiallyLoaded:1 Bounds:IsValid=true, Min=(X=6300.000 Y=6300.000 Z=100.000), Max=(X=18900.000 Y=18900.000 Z=100.000) RuntimeGrid:None EditorOnly:0 RuntimeOnly:0 HLODRelevant:1 ListedInSceneOutliner:1 IsMainWorldOnly:0
 |   |   |- [+] [  8]
 |   |   |   |- Guid:9FF57D5A468427AD3C8FD5A99DCE7BD8 BaseClass: NativeClass:/Script/Landscape.LandscapeStreamingProxy Name:LandscapeStreamingProxy_52T75ORE9CIL3KJ3C48VW1ROI_126_1_2_0 Label:LandscapeStreamingProxy_1_2_0 SpatiallyLoaded:1 Bounds:IsValid=true, Min=(X=-6300.000 Y=6300.000 Z=100.000), Max=(X=6300.000 Y=18900.000 Z=100.000) RuntimeGrid:None EditorOnly:0 RuntimeOnly:0 HLODRelevant:1 ListedInSceneOutliner:1 IsMainWorldOnly:0
 |   |   |- [+] [  9]
 |   |   |   |- Guid:E8D4880848C5110207C4FCA7874EF5B9 BaseClass: NativeClass:/Script/Engine.DirectionalLight Name:DirectionalLight_UAID_00E04CE45A03ECF501_1543932417 Label:DirectionalLight SpatiallyLoaded:0 Bounds:Invalid RuntimeGrid:None EditorOnly:0 RuntimeOnly:0 HLODRelevant:0 ListedInSceneOutliner:1 IsMainWorldOnly:0
 |   |   |- [+] [ 10]
 |   |   |   |- Guid:F6F07A904E0F5C99C88C67A4C5F5292A BaseClass: NativeClass:/Script/Landscape.LandscapeStreamingProxy Name:LandscapeStreamingProxy_52T75ORE9CIL3KJ3C48VW1ROI_126_2_0_0 Label:LandscapeStreamingProxy_2_0_0 SpatiallyLoaded:1 Bounds:IsValid=true, Min=(X=6300.000 Y=-18900.000 Z=100.000), Max=(X=18900.000 Y=-6300.000 Z=100.000) RuntimeGrid:None EditorOnly:0 RuntimeOnly:0 HLODRelevant:1 ListedInSceneOutliner:1 IsMainWorldOnly:0
 |   |   |- [+] [ 11]
 |   |   |   |- Guid:FE7F2B854685B33298172FB474AED556 BaseClass: NativeClass:/Script/Landscape.LandscapeStreamingProxy Name:LandscapeStreamingProxy_52T75ORE9CIL3KJ3C48VW1ROI_126_0_2_0 Label:LandscapeStreamingProxy_0_2_0 SpatiallyLoaded:1 Bounds:IsValid=true, Min=(X=-18900.000 Y=6300.000 Z=100.000), Max=(X=-6300.000 Y=18900.000 Z=100.000) RuntimeGrid:None EditorOnly:0 RuntimeOnly:0 HLODRelevant:1 ListedInSceneOutliner:1 IsMainWorldOnly:0
 |- ContainerInstances:
 |- [+] MainContainer:
 |   |-        ID: 00000000000000000000000000000000
 |   |-  ParentID: 00000000000000000000000000000000
 |   |-    Bounds: IsValid=true, Min=(X=-18900.000 Y=-18900.000 Z=100.000), Max=(X=18900.000 Y=18900.000 Z=100.000)
 |   |- Transform: 0.000000,0.000000,0.000000|0.000000,0.000000,-0.000000|1.000000,1.000000,1.000000
 |   |- Container: /Temp/Untitled_1
----------------------------------------------------------------------------------------------------------------
Untitled - Persistent Level
----------------------------------------------------------------------------------------------------------------
[+] Content of Untitled Persistent Level
 |- Always loaded Actor Count: 3 
 |- Actor Path: /Temp/Untitled_1.Untitled:PersistentLevel.DirectionalLight_UAID_00E04CE45A03ECF501_1543932417
 |- Actor Package: /Temp/__ExternalActors__/Untitled_1/7/X6/V99BYNXPXKEXX0D4807RN2
 |- Actor Path: /Temp/Untitled_1.Untitled:PersistentLevel.Landscape_UAID_00E04CE45A03ECF501_1490743416
 |- Actor Package: /Temp/__ExternalActors__/Untitled_1/3/7U/07W3Q0BGHJHZ43AOAGVH02
 |- Actor Path: /Temp/Untitled_1.Untitled:PersistentLevel.WorldDataLayers
 |- Actor Package: /Temp/__ExternalActors__/Untitled_1/E/8Z/YRWO5L41PJA7Q9D3CDC0L2

----------------------------------------------------------------------------------------------------------------
Untitled - Runtime Hash Set
----------------------------------------------------------------------------------------------------------------
[+] Content of Cell Untitled_1_MainPartition_0_-1_0_0 (08WS73T97XYU37JNLHXYTOOKN)
 |- Actor Count: 2
 |- [+] /Temp/Untitled_1.Untitled:PersistentLevel.LandscapeStreamingProxy_52T75ORE9CIL3KJ3C48VW1ROI_126_1_0_0
 |   |-         Package: /Temp/__ExternalActors__/Untitled_1/D/XH/GKN2JDJ7PIIF6XT6ZG1DNP
 |   |-     Editor Only: 0
 |   |-   Instance Guid: 70E24692474C6627549E48B22CB3AD53
 |   |- [+] Container:
 |   |   |-        ID: 00000000000000000000000000000000
 |   |   |- Transform: 0.000000,0.000000,0.000000|0.000000,0.000000,-0.000000|1.000000,1.000000,1.000000
 |- [+] /Temp/Untitled_1.Untitled:PersistentLevel.LandscapeStreamingProxy_52T75ORE9CIL3KJ3C48VW1ROI_126_2_0_0
 |   |-         Package: /Temp/__ExternalActors__/Untitled_1/D/Z6/HT3HC6RC2MJ19MRK0TLFCV
 |   |-     Editor Only: 0
 |   |-   Instance Guid: F6F07A904E0F5C99C88C67A4C5F5292A
 |   |- [+] Container:
 |   |   |-        ID: 00000000000000000000000000000000
 |   |   |- Transform: 0.000000,0.000000,0.000000|0.000000,0.000000,-0.000000|1.000000,1.000000,1.000000
[+] Content of Cell Untitled_1_MainPartition_-1_0_0_0 (1T98MWGSHHIFUDCSZCBEHTTYW)
 |- Actor Count: 2
 |- [+] /Temp/Untitled_1.Untitled:PersistentLevel.LandscapeStreamingProxy_52T75ORE9CIL3KJ3C48VW1ROI_126_0_1_0
 |   |-         Package: /Temp/__ExternalActors__/Untitled_1/0/BV/WKWEEVZ2XAR05E7L2Z6WNC
 |   |-     Editor Only: 0
 |   |-   Instance Guid: 27A4C44C4E315A9A191E8FB05B676E5C
 |   |- [+] Container:
 |   |   |-        ID: 00000000000000000000000000000000
 |   |   |- Transform: 0.000000,0.000000,0.000000|0.000000,0.000000,-0.000000|1.000000,1.000000,1.000000
 |- [+] /Temp/Untitled_1.Untitled:PersistentLevel.LandscapeStreamingProxy_52T75ORE9CIL3KJ3C48VW1ROI_126_0_2_0
 |   |-         Package: /Temp/__ExternalActors__/Untitled_1/7/P5/3QAHD1235RBEAEDIRWFHVS
 |   |-     Editor Only: 0
 |   |-   Instance Guid: FE7F2B854685B33298172FB474AED556
 |   |- [+] Container:
 |   |   |-        ID: 00000000000000000000000000000000
 |   |   |- Transform: 0.000000,0.000000,0.000000|0.000000,0.000000,-0.000000|1.000000,1.000000,1.000000
[+] Content of Cell Untitled_1_MainPartition_-1_-1_0_0 (2EG1FIIQ0T2QEMK7QMTICVIBO)
 |- Actor Count: 1
 |- [+] /Temp/Untitled_1.Untitled:PersistentLevel.LandscapeStreamingProxy_52T75ORE9CIL3KJ3C48VW1ROI_126_0_0_0
 |   |-         Package: /Temp/__ExternalActors__/Untitled_1/F/0I/9U4D5PHIJL6CLWMJMN6D5W
 |   |-     Editor Only: 0
 |   |-   Instance Guid: 96119A044BF132BA936E6998B0F3A995
 |   |- [+] Container:
 |   |   |-        ID: 00000000000000000000000000000000
 |   |   |- Transform: 0.000000,0.000000,0.000000|0.000000,0.000000,-0.000000|1.000000,1.000000,1.000000
[+] Content of Cell Untitled_1_MainPartition_0_0_0_0 (AGQKVP7PJX70FSO1LLBIVKSZV)
 |- Actor Count: 4
 |- [+] /Temp/Untitled_1.Untitled:PersistentLevel.LandscapeStreamingProxy_52T75ORE9CIL3KJ3C48VW1ROI_126_1_1_0
 |   |-         Package: /Temp/__ExternalActors__/Untitled_1/E/LQ/NMRTI96RUPXHJFOH1B29C3
 |   |-     Editor Only: 0
 |   |-   Instance Guid: 1FCD76CA47851C228DCC95AEACAAAE31
 |   |- [+] Container:
 |   |   |-        ID: 00000000000000000000000000000000
 |   |   |- Transform: 0.000000,0.000000,0.000000|0.000000,0.000000,-0.000000|1.000000,1.000000,1.000000
 |- [+] /Temp/Untitled_1.Untitled:PersistentLevel.LandscapeStreamingProxy_52T75ORE9CIL3KJ3C48VW1ROI_126_2_1_0
 |   |-         Package: /Temp/__ExternalActors__/Untitled_1/D/5H/RAEMZSZSZLJMWYSPFB46OT
 |   |-     Editor Only: 0
 |   |-   Instance Guid: 8EF881F6420BA4EB237B52B7F902C9B2
 |   |- [+] Container:
 |   |   |-        ID: 00000000000000000000000000000000
 |   |   |- Transform: 0.000000,0.000000,0.000000|0.000000,0.000000,-0.000000|1.000000,1.000000,1.000000
 |- [+] /Temp/Untitled_1.Untitled:PersistentLevel.LandscapeStreamingProxy_52T75ORE9CIL3KJ3C48VW1ROI_126_2_2_0
 |   |-         Package: /Temp/__ExternalActors__/Untitled_1/0/5D/81VBV33UATN1V599EIPWH0
 |   |-     Editor Only: 0
 |   |-   Instance Guid: 96831D704A5F6EC00A46E6A086C5D424
 |   |- [+] Container:
 |   |   |-        ID: 00000000000000000000000000000000
 |   |   |- Transform: 0.000000,0.000000,0.000000|0.000000,0.000000,-0.000000|1.000000,1.000000,1.000000
 |- [+] /Temp/Untitled_1.Untitled:PersistentLevel.LandscapeStreamingProxy_52T75ORE9CIL3KJ3C48VW1ROI_126_1_2_0
 |   |-         Package: /Temp/__ExternalActors__/Untitled_1/1/UN/3HM1709357T5UBNGM3DVDY
 |   |-     Editor Only: 0
 |   |-   Instance Guid: 9FF57D5A468427AD3C8FD5A99DCE7BD8
 |   |- [+] Container:
 |   |   |-        ID: 00000000000000000000000000000000
 |   |   |- Transform: 0.000000,0.000000,0.000000|0.000000,0.000000,-0.000000|1.000000,1.000000,1.000000

